<?xml version="1.0" encoding="UTF-8"?>
<testng-results skipped="0" failed="0" ignored="0" total="1" passed="1">
  <reporter-output>
  </reporter-output>
  <suite name="Default suite" duration-ms="2606" started-at="2019-12-23T01:33:21 IST" finished-at="2019-12-23T01:33:24 IST">
    <groups>
    </groups>
    <test name="Default test" duration-ms="2606" started-at="2019-12-23T01:33:21 IST" finished-at="2019-12-23T01:33:24 IST">
      <class name="getweather.Getweatherdata">
        <test-method status="PASS" signature="getresponsecode()[pri:0, instance:getweather.Getweatherdata@731a74c]" name="getresponsecode" duration-ms="2556" started-at="2019-12-23T01:33:21 IST" finished-at="2019-12-23T01:33:24 IST">
          <reporter-output>
          </reporter-output>
        </test-method> <!-- getresponsecode -->
      </class> <!-- getweather.Getweatherdata -->
    </test> <!-- Default test -->
  </suite> <!-- Default suite -->
</testng-results>
